14:35:40.531 [main] DEBUG org.apache.poi.openxml4j.opc.PackageRelationshipCollection - Parsing relationship: /_rels/.rels
14:35:41.204 [main] TRACE org.apache.xmlbeans.impl.common.XBeanDebug - Loading type system org.apache.poi.schemas.ooxml.system.ooxml
14:35:41.209 [main] TRACE org.apache.xmlbeans.impl.common.XBeanDebug - Loading type system org.apache.xmlbeans.metadata.system.sXMLCONFIG
14:35:41.218 [main] TRACE org.apache.xmlbeans.impl.common.XBeanDebug - Loading type system org.apache.xmlbeans.metadata.system.sXMLLANG
14:35:41.223 [main] TRACE org.apache.xmlbeans.impl.common.XBeanDebug - Loading type system org.apache.xmlbeans.metadata.system.sXMLSCHEMA
14:35:41.226 [main] TRACE org.apache.xmlbeans.impl.common.XBeanDebug - Loading type system org.apache.xmlbeans.metadata.system.sXMLTOOLS
14:35:41.229 [main] TRACE org.apache.xmlbeans.impl.common.XBeanDebug - Loading type system schemaorg_apache_xmlbeans.system.sXMLCONFIG
14:35:41.237 [main] TRACE org.apache.xmlbeans.impl.common.XBeanDebug - Loading type system schemaorg_apache_xmlbeans.system.sXMLLANG
14:35:41.239 [main] TRACE org.apache.xmlbeans.impl.common.XBeanDebug - Loading type system schemaorg_apache_xmlbeans.system.sXMLSCHEMA
14:35:41.246 [main] TRACE org.apache.xmlbeans.impl.common.XBeanDebug - Loading type system schemaorg_apache_xmlbeans.system.sXMLTOOLS
14:35:41.247 [main] TRACE org.apache.xmlbeans.impl.common.XBeanDebug - Reading unresolved handles for type system schemaorg_apache_xmlbeans.system.sXMLTOOLS
14:35:41.276 [main] TRACE org.apache.xmlbeans.impl.common.XBeanDebug - Finished loading type system schemaorg_apache_xmlbeans.system.sXMLTOOLS
14:35:41.276 [main] TRACE org.apache.xmlbeans.impl.common.XBeanDebug - Reading unresolved handles for type system schemaorg_apache_xmlbeans.system.sXMLSCHEMA
14:35:41.366 [main] TRACE org.apache.xmlbeans.impl.common.XBeanDebug - Finished loading type system schemaorg_apache_xmlbeans.system.sXMLSCHEMA
14:35:41.366 [main] TRACE org.apache.xmlbeans.impl.common.XBeanDebug - Reading unresolved handles for type system schemaorg_apache_xmlbeans.system.sXMLLANG
14:35:41.372 [main] TRACE org.apache.xmlbeans.impl.common.XBeanDebug - Finished loading type system schemaorg_apache_xmlbeans.system.sXMLLANG
14:35:41.373 [main] TRACE org.apache.xmlbeans.impl.common.XBeanDebug - Reading unresolved handles for type system schemaorg_apache_xmlbeans.system.sXMLCONFIG
14:35:41.467 [main] TRACE org.apache.xmlbeans.impl.common.XBeanDebug - Finished loading type system schemaorg_apache_xmlbeans.system.sXMLCONFIG
14:35:41.468 [main] TRACE org.apache.xmlbeans.impl.common.XBeanDebug - Reading unresolved handles for type system org.apache.xmlbeans.metadata.system.sXMLTOOLS
14:35:41.470 [main] TRACE org.apache.xmlbeans.impl.common.XBeanDebug - Finished loading type system org.apache.xmlbeans.metadata.system.sXMLTOOLS
14:35:41.472 [main] TRACE org.apache.xmlbeans.impl.common.XBeanDebug - Reading unresolved handles for type system org.apache.xmlbeans.metadata.system.sXMLSCHEMA
14:35:41.506 [main] TRACE org.apache.xmlbeans.impl.common.XBeanDebug - Finished loading type system org.apache.xmlbeans.metadata.system.sXMLSCHEMA
14:35:41.507 [main] TRACE org.apache.xmlbeans.impl.common.XBeanDebug - Reading unresolved handles for type system org.apache.xmlbeans.metadata.system.sXMLLANG
14:35:41.561 [main] TRACE org.apache.xmlbeans.impl.common.XBeanDebug - Finished loading type system org.apache.xmlbeans.metadata.system.sXMLLANG
14:35:41.583 [main] TRACE org.apache.xmlbeans.impl.common.XBeanDebug - Reading unresolved handles for type system org.apache.xmlbeans.metadata.system.sXMLCONFIG
14:35:41.597 [main] TRACE org.apache.xmlbeans.impl.common.XBeanDebug - Finished loading type system org.apache.xmlbeans.metadata.system.sXMLCONFIG
14:35:41.599 [main] TRACE org.apache.xmlbeans.impl.common.XBeanDebug - Reading unresolved handles for type system org.apache.poi.schemas.ooxml.system.ooxml
14:35:41.833 [main] TRACE org.apache.xmlbeans.impl.common.XBeanDebug - Finished loading type system org.apache.poi.schemas.ooxml.system.ooxml
14:35:41.850 [main] TRACE org.apache.xmlbeans.impl.common.XBeanDebug - Resolving type for handle themefd26doctype
14:35:42.013 [main] TRACE org.apache.xmlbeans.impl.common.XBeanDebug - Resolving type for handle stylesheet5d8bdoctype
14:35:42.034 [main] TRACE org.apache.xmlbeans.impl.common.XBeanDebug - Resolving type for handle ctstylesheet4257type
14:35:42.054 [main] TRACE org.apache.xmlbeans.impl.common.XBeanDebug - Resolving type for handle ctfonts6623type
14:35:42.060 [main] TRACE org.apache.xmlbeans.impl.common.XBeanDebug - Resolving type for handle ctfont14d8type
14:35:42.091 [main] TRACE org.apache.xmlbeans.impl.common.XBeanDebug - Resolving type for handle ctfills2c6ftype
14:35:42.094 [main] TRACE org.apache.xmlbeans.impl.common.XBeanDebug - Resolving type for handle ctfill550ctype
14:35:42.098 [main] TRACE org.apache.xmlbeans.impl.common.XBeanDebug - Resolving type for handle ctborders0d66type
14:35:42.103 [main] TRACE org.apache.xmlbeans.impl.common.XBeanDebug - Resolving type for handle ctborderf935type
14:35:42.107 [main] TRACE org.apache.xmlbeans.impl.common.XBeanDebug - Resolving type for handle ctcellxfs1322type
14:35:42.112 [main] TRACE org.apache.xmlbeans.impl.common.XBeanDebug - Resolving type for handle ctxf97f7type
14:35:42.118 [main] TRACE org.apache.xmlbeans.impl.common.XBeanDebug - Resolving type for handle ctcellstylexfsa81ftype
14:35:42.126 [main] TRACE org.apache.xmlbeans.impl.common.XBeanDebug - Resolving type for handle ctdxfsb26atype
14:35:42.133 [main] TRACE org.apache.xmlbeans.impl.common.XBeanDebug - Resolving type for handle cttablestyles872ftype
14:35:42.145 [main] TRACE org.apache.xmlbeans.impl.common.XBeanDebug - Resolving type for handle sstf81fdoctype
14:35:42.163 [main] TRACE org.apache.xmlbeans.impl.common.XBeanDebug - Resolving type for handle ctsst44f3type
14:35:42.176 [main] TRACE org.apache.xmlbeans.impl.common.XBeanDebug - Resolving type for handle ctrsta472type
14:35:42.215 [main] TRACE org.apache.xmlbeans.impl.common.XBeanDebug - Resolving type for handle workbookec17doctype
14:35:42.230 [main] TRACE org.apache.xmlbeans.impl.common.XBeanDebug - Resolving type for handle ctworkbook83c3type
14:35:42.242 [main] TRACE org.apache.xmlbeans.impl.common.XBeanDebug - Resolving type for handle ctsheets49fdtype
14:35:42.246 [main] TRACE org.apache.xmlbeans.impl.common.XBeanDebug - Resolving type for handle ctsheet4dbetype
14:35:42.355 [main] TRACE org.apache.xmlbeans.impl.common.XBeanDebug - Resolving type for handle strelationshipid1e94type
14:35:42.361 [main] TRACE org.apache.xmlbeans.impl.common.XBeanDebug - Resolving type for handle worksheetf539doctype
14:35:42.382 [main] TRACE org.apache.xmlbeans.impl.common.XBeanDebug - Resolving type for handle ctworksheet530dtype
14:35:42.490 [main] TRACE org.apache.xmlbeans.impl.common.XBeanDebug - Resolving type for handle ctsheetdata8408type
14:35:42.494 [main] TRACE org.apache.xmlbeans.impl.common.XBeanDebug - Resolving type for handle ctrowdd39type
14:35:42.500 [main] TRACE org.apache.xmlbeans.impl.common.XBeanDebug - Resolving type for handle ctcell842btype
14:35:42.509 [main] TRACE org.apache.xmlbeans.impl.common.XBeanDebug - Resolving type for handle stcellrefe4e0type
14:35:42.541 [main] TRACE org.apache.xmlbeans.impl.common.XBeanDebug - Resolving type for handle ctcols627ctype
14:35:42.612 [main] TRACE org.apache.xmlbeans.impl.common.XBeanDebug - Resolving type for handle stcelltypebf95type
14:35:42.617 [main] TRACE org.apache.xmlbeans.impl.common.XBeanDebug - Resolving type for handle stxstringf179type
